

Version:	3.12
CmdLine:	C:\Users\AaronX\Desktop\DWMonopoly final\DWMonopolyMaker.exe --l4j-debug
WOW64:		yes
Working dir:	C:\Users\AaronX\Desktop\DWMonopoly final\.
Java min ver:	1.006.000
Java max ver:	
64-bit search:	SOFTWARE\JavaSoft\Java Runtime Environment...
32-bit search:	SOFTWARE\JavaSoft\Java Runtime Environment...
Check:		SOFTWARE\JavaSoft\Java Runtime Environment\1.7
Check launcher:	C:\Program Files (x86)\Java\jre7\bin\javaw.exe (OK)
Match:		1.007.000
Check:		SOFTWARE\JavaSoft\Java Runtime Environment\1.7.0_71
Check launcher:	C:\Program Files (x86)\Java\jre7\bin\javaw.exe (OK)
Match:		1.007.000_071
64-bit search:	SOFTWARE\JavaSoft\Java Development Kit...
Check:		SOFTWARE\JavaSoft\Java Development Kit\1.7
Ignore:		1.007.000
Check:		SOFTWARE\JavaSoft\Java Development Kit\1.7.0_21
Ignore:		1.007.000_021
32-bit search:	SOFTWARE\JavaSoft\Java Development Kit...
64-bit search:	SOFTWARE\JavaSoft\JRE...
32-bit search:	SOFTWARE\JavaSoft\JRE...
64-bit search:	SOFTWARE\JavaSoft\JDK...
32-bit search:	SOFTWARE\JavaSoft\JDK...
Runtime used:	1.007.000_071 (32-bit)
Launcher:	C:\Program Files (x86)\Java\jre7\bin\javaw.exe
Launcher args:	-jar "C:\Users\AaronX\Desktop\DWMonopoly final\DWMonopolyMaker.exe"
Args length:	67/32768 chars
Exit code:	0


Version:	3.12
CmdLine:	C:\Users\AaronX\Desktop\DWMonopoly final\DWMonopolyMaker.exe --l4j-debug
WOW64:		yes
Working dir:	C:\Users\AaronX\Desktop\DWMonopoly final\.
Java min ver:	1.006.000
Java max ver:	
64-bit search:	SOFTWARE\JavaSoft\Java Runtime Environment...
32-bit search:	SOFTWARE\JavaSoft\Java Runtime Environment...
Check:		SOFTWARE\JavaSoft\Java Runtime Environment\1.7
Check launcher:	C:\Program Files (x86)\Java\jre7\bin\javaw.exe (OK)
Match:		1.007.000
Check:		SOFTWARE\JavaSoft\Java Runtime Environment\1.7.0_71
Check launcher:	C:\Program Files (x86)\Java\jre7\bin\javaw.exe (OK)
Match:		1.007.000_071
64-bit search:	SOFTWARE\JavaSoft\Java Development Kit...
Check:		SOFTWARE\JavaSoft\Java Development Kit\1.7
Ignore:		1.007.000
Check:		SOFTWARE\JavaSoft\Java Development Kit\1.7.0_21
Ignore:		1.007.000_021
32-bit search:	SOFTWARE\JavaSoft\Java Development Kit...
64-bit search:	SOFTWARE\JavaSoft\JRE...
32-bit search:	SOFTWARE\JavaSoft\JRE...
64-bit search:	SOFTWARE\JavaSoft\JDK...
32-bit search:	SOFTWARE\JavaSoft\JDK...
Runtime used:	1.007.000_071 (32-bit)
Launcher:	C:\Program Files (x86)\Java\jre7\bin\javaw.exe
Launcher args:	-jar "C:\Users\AaronX\Desktop\DWMonopoly final\DWMonopolyMaker.exe"
Args length:	67/32768 chars
Exit code:	0


Version:	3.12
CmdLine:	C:\Users\AaronX\Desktop\DWMonopoly final\DWMonopolyMaker.exe --l4j-debug
WOW64:		yes
Working dir:	C:\Users\AaronX\Desktop\DWMonopoly final\.
Java min ver:	1.006.000
Java max ver:	
64-bit search:	SOFTWARE\JavaSoft\Java Runtime Environment...
32-bit search:	SOFTWARE\JavaSoft\Java Runtime Environment...
Check:		SOFTWARE\JavaSoft\Java Runtime Environment\1.7
Check launcher:	C:\Program Files (x86)\Java\jre7\bin\javaw.exe (OK)
Match:		1.007.000
Check:		SOFTWARE\JavaSoft\Java Runtime Environment\1.7.0_71
Check launcher:	C:\Program Files (x86)\Java\jre7\bin\javaw.exe (OK)
Match:		1.007.000_071
64-bit search:	SOFTWARE\JavaSoft\Java Development Kit...
Check:		SOFTWARE\JavaSoft\Java Development Kit\1.7
Ignore:		1.007.000
Check:		SOFTWARE\JavaSoft\Java Development Kit\1.7.0_21
Ignore:		1.007.000_021
32-bit search:	SOFTWARE\JavaSoft\Java Development Kit...
64-bit search:	SOFTWARE\JavaSoft\JRE...
32-bit search:	SOFTWARE\JavaSoft\JRE...
64-bit search:	SOFTWARE\JavaSoft\JDK...
32-bit search:	SOFTWARE\JavaSoft\JDK...
Runtime used:	1.007.000_071 (32-bit)
Launcher:	C:\Program Files (x86)\Java\jre7\bin\javaw.exe
Launcher args:	-jar "C:\Users\AaronX\Desktop\DWMonopoly final\DWMonopolyMaker.exe"
Args length:	67/32768 chars
Exit code:	0
